5.0051 	DEBUG 	Fullscreen settings ignored as running in pilot mode.
5.0056 	INFO 	Loaded monitor calibration from ['2025_05_21 13:58']
5.8361 	EXP 	Created window1 = Window(allowGUI=False, allowStencil=False, autoLog=True, backendConf=UNKNOWN, backgroundFit=<method-wrapper '__getattribute__' of attributeSetter object at 0x00000295F389F610>, backgroundImage=<method-wrapper '__getattribute__' of attributeSetter object at 0x00000295F389F670>, bitsMode=UNKNOWN, blendMode='avg', bpc=(8, 8, 8), color=array([0, 0, 0]), colorSpace='rgb', depthBits=8, fullscr=False, gamma=None, gammaErrorPolicy='raise', infoMsg=UNKNOWN, lms=UNKNOWN, monitor=<psychopy.monitors.calibTools.Monitor object at 0x00000295F45A37C0>, multiSample=False, name='window1', numSamples=2, pos=[560.0, 240.0], screen=0, size=array([800, 600]), stencilBits=0, stereo=False, title='PsychoPy', units='height', useFBO=True, useRetina=False, viewOri=0.0, viewPos=None, viewScale=None, waitBlanking=True, winType='pyglet')
5.8362 	EXP 	window1: backgroundImage = ''
5.8363 	EXP 	window1: backgroundFit = 'none'
5.8441 	DEBUG 	TextBox2 loaded 1 chars with 0 blanks and 1 valid
5.8445 	DEBUG 	TextBox2 loaded 1 chars with 0 blanks and 1 valid
5.8449 	DEBUG 	TextBox2 loaded 1 chars with 0 blanks and 1 valid
5.8454 	DEBUG 	TextBox2 loaded 1 chars with 0 blanks and 1 valid
5.8458 	DEBUG 	TextBox2 loaded 1 chars with 0 blanks and 1 valid
5.8461 	DEBUG 	TextBox2 loaded 1 chars with 0 blanks and 1 valid
5.8465 	DEBUG 	TextBox2 loaded 1 chars with 0 blanks and 1 valid
5.8469 	DEBUG 	TextBox2 loaded 1 chars with 0 blanks and 1 valid
5.8471 	DEBUG 	TextBox2 loaded 1 chars with 0 blanks and 1 valid
5.8472 	DEBUG 	TextBox2 loaded 1 chars with 0 blanks and 1 valid
5.8476 	DEBUG 	TextBox2 loaded 1 chars with 0 blanks and 1 valid
5.8480 	DEBUG 	TextBox2 loaded 1 chars with 0 blanks and 1 valid
5.8483 	DEBUG 	TextBox2 loaded 1 chars with 0 blanks and 1 valid
5.8487 	DEBUG 	TextBox2 loaded 1 chars with 0 blanks and 1 valid
5.8490 	DEBUG 	TextBox2 loaded 1 chars with 0 blanks and 1 valid
5.8493 	DEBUG 	TextBox2 loaded 1 chars with 0 blanks and 1 valid
5.8497 	DEBUG 	TextBox2 loaded 1 chars with 0 blanks and 1 valid
5.8500 	DEBUG 	TextBox2 loaded 1 chars with 0 blanks and 1 valid
5.8502 	DEBUG 	TextBox2 loaded 1 chars with 0 blanks and 1 valid
5.8507 	DEBUG 	TextBox2 loaded 1 chars with 0 blanks and 1 valid
5.8509 	DEBUG 	TextBox2 loaded 1 chars with 0 blanks and 1 valid
5.8541 	DEBUG 	Uploading Texture Font fontname to graphics card
5.8556 	DEBUG 	Upload of Texture Font fontname complete
5.8586 	DEBUG 	TextBox2 loaded 1 chars with 0 blanks and 1 valid
5.8591 	DEBUG 	TextBox2 loaded 1 chars with 0 blanks and 1 valid
5.8595 	DEBUG 	TextBox2 loaded 1 chars with 0 blanks and 1 valid
5.8597 	DEBUG 	Uploading Texture Font fontname to graphics card
5.8601 	DEBUG 	Upload of Texture Font fontname complete
5.8611 	EXP 	window1: Attempting to measure frame rate of screen (0) ...
5.8611 	EXP 	window1: recordFrameIntervals = False
6.0274 	EXP 	window1: recordFrameIntervals = True
6.2120 	EXP 	Screen (0) actual frame rate measured at 59.66Hz
6.2120 	EXP 	window1: recordFrameIntervals = False
6.2176 	DEBUG 	TextBox2 loaded 1 chars with 0 blanks and 1 valid
6.2180 	DEBUG 	TextBox2 loaded 1 chars with 0 blanks and 1 valid
6.2185 	DEBUG 	TextBox2 loaded 1 chars with 0 blanks and 1 valid
6.2191 	DEBUG 	TextBox2 loaded 1 chars with 0 blanks and 1 valid
6.2196 	DEBUG 	TextBox2 loaded 1 chars with 0 blanks and 1 valid
6.2200 	DEBUG 	TextBox2 loaded 1 chars with 0 blanks and 1 valid
6.2203 	DEBUG 	TextBox2 loaded 1 chars with 0 blanks and 1 valid
6.2207 	DEBUG 	TextBox2 loaded 1 chars with 0 blanks and 1 valid
6.2212 	DEBUG 	TextBox2 loaded 1 chars with 0 blanks and 1 valid
6.2216 	DEBUG 	TextBox2 loaded 1 chars with 0 blanks and 1 valid
6.2218 	DEBUG 	Uploading Texture Font fontname to graphics card
6.2223 	DEBUG 	Upload of Texture Font fontname complete
6.2396 	WARNING 	launchHubServer: If using the iohub mouse or eyetracker devices, fullScr should be True.
8.0099 	INFO 	keyboard.Keyboard is using iohub backend.
8.0099 	INFO 	keyboard.Keyboard is using iohub backend.
8.0099 	INFO 	keyboard.Keyboard is using iohub backend.
8.0099 	INFO 	keyboard.Keyboard is using iohub backend.
8.0099 	EXP 	bayesian_san: status = STARTED
8.1502 	EXP 	Created instr_text = TextStim(__class__=<class 'psychopy.visual.text.TextStim'>, alignHoriz=method-wrapper(...), alignText='center', alignVert=method-wrapper(...), anchorHoriz='center', anchorVert='center', antialias=True, autoDraw=False, autoLog=True, bold=False, color=array([1., 1., 1.]), colorSpace='rgb', contrast=1.0, depth=0.0, draggable=False, flipHoriz=False, flipVert=False, font='Arial', fontFiles=[], height=0.05, italic=False, languageStyle='LTR', name='instr_text', opacity=1, ori=0.0, pos=array([0., 0.]), rgb=UNKNOWN, text=str(...), units='height', win=Window(...), wrapWidth=1)
8.1530 	EXP 	Created fixation_cross = TextStim(__class__=<class 'psychopy.visual.text.TextStim'>, alignHoriz=method-wrapper(...), alignText='center', alignVert=method-wrapper(...), anchorHoriz='center', anchorVert='center', antialias=True, autoDraw=False, autoLog=True, bold=False, color=array([1., 1., 1.]), colorSpace='rgb', contrast=1.0, depth=0.0, draggable=False, flipHoriz=False, flipVert=False, font='Arial', fontFiles=[], height=0.15, italic=False, languageStyle='LTR', name='fixation_cross', opacity=1, ori=0.0, pos=array([0., 0.]), rgb=UNKNOWN, text='+', units='height', win=Window(...), wrapWidth=1)
8.1616 	DEBUG 	TextBox2 loaded 1 chars with 0 blanks and 1 valid
8.1623 	DEBUG 	TextBox2 loaded 1 chars with 0 blanks and 1 valid
8.1629 	DEBUG 	TextBox2 loaded 1 chars with 0 blanks and 1 valid
8.1636 	DEBUG 	TextBox2 loaded 1 chars with 0 blanks and 1 valid
8.1643 	DEBUG 	TextBox2 loaded 1 chars with 0 blanks and 1 valid
8.1648 	DEBUG 	TextBox2 loaded 1 chars with 0 blanks and 1 valid
8.1655 	DEBUG 	TextBox2 loaded 1 chars with 0 blanks and 1 valid
8.1661 	DEBUG 	TextBox2 loaded 1 chars with 0 blanks and 1 valid
8.1667 	DEBUG 	TextBox2 loaded 1 chars with 0 blanks and 1 valid
8.1673 	DEBUG 	TextBox2 loaded 1 chars with 0 blanks and 1 valid
8.1675 	DEBUG 	Uploading Texture Font fontname to graphics card
8.1683 	DEBUG 	Upload of Texture Font fontname complete
8.1711 	DEBUG 	TextBox2 loaded 1 chars with 0 blanks and 1 valid
8.1719 	DEBUG 	TextBox2 loaded 1 chars with 0 blanks and 1 valid
8.1726 	DEBUG 	TextBox2 loaded 1 chars with 0 blanks and 1 valid
8.1731 	DEBUG 	TextBox2 loaded 1 chars with 0 blanks and 1 valid
8.1738 	DEBUG 	TextBox2 loaded 1 chars with 0 blanks and 1 valid
8.1744 	DEBUG 	TextBox2 loaded 1 chars with 0 blanks and 1 valid
8.1745 	DEBUG 	Uploading Texture Font fontname to graphics card
8.1752 	DEBUG 	Upload of Texture Font fontname complete
8.1781 	DEBUG 	TextBox2 loaded 1 chars with 0 blanks and 1 valid
8.1787 	DEBUG 	TextBox2 loaded 1 chars with 0 blanks and 1 valid
8.1795 	DEBUG 	TextBox2 loaded 1 chars with 0 blanks and 1 valid
8.1801 	DEBUG 	TextBox2 loaded 1 chars with 0 blanks and 1 valid
8.1809 	DEBUG 	TextBox2 loaded 1 chars with 0 blanks and 1 valid
8.1816 	DEBUG 	TextBox2 loaded 1 chars with 0 blanks and 1 valid
8.1817 	DEBUG 	Uploading Texture Font fontname to graphics card
8.1821 	DEBUG 	Upload of Texture Font fontname complete
8.1923 	EXP 	Created slider_indicator = Slider(__class__=<class 'psychopy.visual.slider.Slider'>, autoDraw=False, autoLog=True, borderColor=None, color=None, colorSpace='rgb', depth=-1, fillColor=None, flip=False, font='Arial', granularity=0.0, labelColor=None, labelHeight=0.04, labelWrapWidth=None, labels=list(...), lineColor=None, markerColor=None, name='slider_indicator', opacity=None, ori=0.0, pos=array([0., 0.]), readOnly=False, self=UNKNOWN, size=array([1. , 0.1]), startValue=None, style='rating', styleTweaks=[], ticks=array([  0, 100]), units='height', win=Window(...))
8.1951 	EXP 	Created fake_pain = TextStim(__class__=<class 'psychopy.visual.text.TextStim'>, alignHoriz=method-wrapper(...), alignText='center', alignVert=method-wrapper(...), anchorHoriz='center', anchorVert='center', antialias=True, autoDraw=False, autoLog=True, bold=False, color=array([1., 1., 1.]), colorSpace='rgb', contrast=1.0, depth=-1.0, draggable=False, flipHoriz=False, flipVert=False, font='Arial', fontFiles=[], height=0.05, italic=False, languageStyle='LTR', name='fake_pain', opacity=1, ori=0.0, pos=array([0., 0.]), rgb=UNKNOWN, text='pain stim goes here\nouch', units='height', win=Window(...), wrapWidth=1)
8.2106 	EXP 	Created slider_pain = Slider(__class__=<class 'psychopy.visual.slider.Slider'>, autoDraw=False, autoLog=True, borderColor=None, color=None, colorSpace='rgb', depth=-1, fillColor=None, flip=False, font='Arial', granularity=0.0, labelColor=None, labelHeight=0.04, labelWrapWidth=None, labels=list(...), lineColor=None, markerColor=None, name='slider_pain', opacity=None, ori=0.0, pos=array([0., 0.]), readOnly=False, self=UNKNOWN, size=array([1. , 0.1]), startValue=None, style='rating', styleTweaks=[], ticks=array([  0, 100]), units='height', win=Window(...))
8.2153 	EXP 	Created main_prompt = TextStim(__class__=<class 'psychopy.visual.text.TextStim'>, alignHoriz=method-wrapper(...), alignText='center', alignVert=method-wrapper(...), anchorHoriz='center', anchorVert='center', antialias=True, autoDraw=False, autoLog=True, bold=False, color=array([1., 1., 1.]), colorSpace='rgb', contrast=1.0, depth=-3.0, draggable=False, flipHoriz=False, flipVert=False, font='Arial', fontFiles=[], height=0.05, italic=False, languageStyle='LTR', name='main_prompt', opacity=1, ori=0.0, pos=array([0. , 0.2]), rgb=UNKNOWN, text=str(...), units='height', win=Window(...), wrapWidth=1)
8.2175 	EXP 	Created space_prompt = TextStim(__class__=<class 'psychopy.visual.text.TextStim'>, alignHoriz=method-wrapper(...), alignText='center', alignVert=method-wrapper(...), anchorHoriz='center', anchorVert='center', antialias=True, autoDraw=False, autoLog=True, bold=False, color=array([1., 1., 1.]), colorSpace='rgb', contrast=1.0, depth=-4.0, draggable=False, flipHoriz=False, flipVert=False, font='Arial', fontFiles=[], height=0.05, italic=False, languageStyle='LTR', name='space_prompt', opacity=1, ori=0.0, pos=array([ 0. , -0.3]), rgb=UNKNOWN, text=str(...), units='height', win=Window(...), wrapWidth=1)
8.2243 	EXP 	Created end_exp_text = TextStim(__class__=<class 'psychopy.visual.text.TextStim'>, alignHoriz=method-wrapper(...), alignText='center', alignVert=method-wrapper(...), anchorHoriz='center', anchorVert='center', antialias=True, autoDraw=False, autoLog=True, bold=False, color=array([1., 1., 1.]), colorSpace='rgb', contrast=1.0, depth=0.0, draggable=False, flipHoriz=False, flipVert=False, font='Arial', fontFiles=[], height=0.05, italic=False, languageStyle='LTR', name='end_exp_text', opacity=1, ori=0.0, pos=array([0., 0.]), rgb=UNKNOWN, text=str(...), units='height', win=Window(...), wrapWidth=1)
0.0021 	EXP 	slider_indicator: autoLog = True
0.0021 	EXP 	slider_indicator: styleTweaks = []
0.0021 	EXP 	slider_indicator: styleTweaks = []
0.0021 	EXP 	slider_indicator: styleTweaks = []
0.0021 	EXP 	slider_indicator: styleTweaks = []
0.0021 	EXP 	slider_indicator: contrast = 1.0
0.0021 	EXP 	slider_indicator: markerPos = None
0.0021 	EXP 	slider_indicator: autoLog = True
0.0021 	EXP 	slider_pain: autoLog = True
0.0021 	EXP 	slider_pain: styleTweaks = []
0.0021 	EXP 	slider_pain: styleTweaks = []
0.0021 	EXP 	slider_pain: styleTweaks = []
0.0021 	EXP 	slider_pain: styleTweaks = []
0.0021 	EXP 	slider_pain: contrast = 1.0
0.0021 	EXP 	slider_pain: markerPos = None
0.0021 	EXP 	slider_pain: autoLog = True
0.0190 	INFO 	Keyboard events cleared
0.0188 	EXP 	instr_text: autoDraw = True
41.2649 	DEBUG 	Read csv file with pandas: C:\Users\labmp\Desktop\Sanounou\condition_files\001_conditions.csv
41.2663 	DEBUG 	Clearing unnamed columns from C:\Users\labmp\Desktop\Sanounou\condition_files\001_conditions.csv
41.2671 	EXP 	Imported C:\Users\labmp\Desktop\Sanounou\condition_files\001_conditions.csv as conditions, 80 conditions, 3 params
41.2674 	EXP 	New trial (rep=0, index=0): <Trial 0 (0 in rep 0) data={'expected_vas': 30, 'expect_uncertainty': 'low', 'sensory_uncertainty': 'high', 'thisN': 0, 'thisTrialN': 0, 'thisRepN': 0}>
41.2683 	DATA 	Keypress: space
41.3027 	EXP 	instr_text: autoDraw = False
41.3027 	EXP 	fixation_cross: autoDraw = True
43.2743 	EXP 	Created unnamed Rect = Rect(__class__=<class 'psychopy.visual.rect.Rect'>, anchor=('center', 'center'), autoDraw=False, autoLog=True, closeShape=True, color=method-wrapper(...), colorSpace='rgb', contrast=None, depth=0, draggable=False, fillColor=array([ 1, -1, -1]), fillColorSpace='rgb', fillRGB=array([ 1, -1, -1]), interpolate=True, lineColor=array([ 1., -1., -1.]), lineColorSpace='rgb', lineRGB=array([ 1, -1, -1]), lineWidth=1.5, name='unnamed Rect', opacity=1, ori=0.0, pos=array([0., 0.]), size=array([0.01, 0.1 ]), units='height', vertices=ndarray(...), win=Window(...))
43.2763 	EXP 	Created unnamed Rect = Rect(__class__=<class 'psychopy.visual.rect.Rect'>, anchor=('center', 'center'), autoDraw=False, autoLog=True, closeShape=True, color=method-wrapper(...), colorSpace='rgb', contrast=None, depth=0, draggable=False, fillColor=array([1, 1, 1]), fillColorSpace='rgb', fillRGB=array([1, 1, 1]), interpolate=True, lineColor=array([1., 1., 1.]), lineColorSpace='rgb', lineRGB=array([1, 1, 1]), lineWidth=1.5, name='unnamed Rect', opacity=0.3, ori=0.0, pos=array([-0.2,  0. ]), size=array([0.05, 0.1 ]), units='height', vertices=ndarray(...), win=Window(...))
43.2771 	EXP 	Created unnamed Rect = Rect(__class__=<class 'psychopy.visual.rect.Rect'>, anchor=('center', 'center'), autoDraw=False, autoLog=True, closeShape=True, color=method-wrapper(...), colorSpace='rgb', contrast=None, depth=0, draggable=False, fillColor=array([1, 1, 1]), fillColorSpace='rgb', fillRGB=array([1, 1, 1]), interpolate=True, lineColor=array([1., 1., 1.]), lineColorSpace='rgb', lineRGB=array([1, 1, 1]), lineWidth=1.5, name='unnamed Rect', opacity=0.2, ori=0.0, pos=array([-0.2,  0. ]), size=array([0.35, 0.1 ]), units='height', vertices=ndarray(...), win=Window(...))
43.2850 	EXP 	fixation_cross: autoDraw = False
43.2850 	EXP 	slider_pain: markerPos = None
43.2850 	EXP 	slider_pain: markerPos = 30
43.2850 	EXP 	slider_indicator: markerPos = None
43.2850 	EXP 	slider_indicator: markerPos = None
47.4031 	EXP 	slider_indicator: autoDraw = True
47.4031 	EXP 	slider_indicator: autoDraw = False
47.4031 	EXP 	fake_pain: autoDraw = True
49.3909 	EXP 	Created unnamed Rect = Rect(__class__=<class 'psychopy.visual.rect.Rect'>, anchor=('center', 'center'), autoDraw=False, autoLog=True, closeShape=True, color=method-wrapper(...), colorSpace='rgb', contrast=None, depth=0, draggable=False, fillColor=array([ 1, -1, -1]), fillColorSpace='rgb', fillRGB=array([ 1, -1, -1]), interpolate=True, lineColor=array([ 1., -1., -1.]), lineColorSpace='rgb', lineRGB=array([ 1, -1, -1]), lineWidth=1.5, name='unnamed Rect', opacity=1, ori=0.0, pos=array([0., 0.]), size=array([0.01, 0.1 ]), units='height', vertices=ndarray(...), win=Window(...))
49.4020 	EXP 	fake_pain: autoDraw = False
49.4020 	EXP 	fake_pain: autoDraw = False
49.4020 	EXP 	slider_pain: markerPos = None
49.4020 	EXP 	slider_pain: markerPos = 30
49.4020 	EXP 	slider_pain: markerPos = None
49.4020 	EXP 	slider_pain: markerPos = 58.77483154278696
50.7869 	DATA 	Keypress: n
50.8018 	EXP 	slider_pain: markerPos = 58.02483154278696
50.8193 	EXP 	slider_pain: markerPos = 57.27483154278696
50.8356 	EXP 	slider_pain: markerPos = 56.52483154278696
50.8524 	EXP 	slider_pain: markerPos = 55.77483154278696
50.8687 	EXP 	slider_pain: markerPos = 55.02483154278696
50.8854 	EXP 	slider_pain: markerPos = 54.27483154278696
50.9019 	EXP 	slider_pain: markerPos = 53.52483154278696
50.9187 	EXP 	slider_pain: markerPos = 52.77483154278696
50.9352 	EXP 	slider_pain: markerPos = 52.02483154278696
50.9522 	EXP 	slider_pain: markerPos = 51.27483154278696
50.9692 	EXP 	slider_pain: markerPos = 50.52483154278696
50.9857 	EXP 	slider_pain: markerPos = 49.77483154278696
51.0026 	EXP 	slider_pain: markerPos = 49.02483154278696
51.0187 	EXP 	slider_pain: markerPos = 48.27483154278696
51.2046 	DATA 	Keypress: m
51.2188 	EXP 	slider_pain: markerPos = 49.02483154278696
51.2356 	EXP 	slider_pain: markerPos = 49.77483154278696
51.2524 	EXP 	slider_pain: markerPos = 50.52483154278696
51.2691 	EXP 	slider_pain: markerPos = 51.27483154278696
51.2856 	EXP 	slider_pain: markerPos = 52.02483154278696
51.3025 	EXP 	slider_pain: markerPos = 52.77483154278696
51.3189 	EXP 	slider_pain: markerPos = 53.52483154278696
51.3356 	EXP 	slider_pain: markerPos = 54.27483154278696
51.3530 	EXP 	slider_pain: markerPos = 55.02483154278696
51.3694 	EXP 	slider_pain: markerPos = 55.77483154278696
51.3855 	EXP 	slider_pain: markerPos = 56.52483154278696
51.4022 	EXP 	slider_pain: markerPos = 57.27483154278696
51.4189 	EXP 	slider_pain: markerPos = 58.02483154278696
51.4355 	EXP 	slider_pain: markerPos = 58.77483154278696
51.4521 	EXP 	slider_pain: markerPos = 59.52483154278696
51.4690 	EXP 	slider_pain: markerPos = 60.27483154278696
51.4856 	EXP 	slider_pain: markerPos = 61.02483154278696
51.5022 	EXP 	slider_pain: markerPos = 61.77483154278696
51.6708 	DATA 	Keypress: n
51.6854 	EXP 	slider_pain: markerPos = 61.02483154278696
51.7021 	EXP 	slider_pain: markerPos = 60.27483154278696
51.7189 	EXP 	slider_pain: markerPos = 59.52483154278696
51.7356 	EXP 	slider_pain: markerPos = 58.77483154278696
51.7524 	EXP 	slider_pain: markerPos = 58.02483154278696
51.7690 	EXP 	slider_pain: markerPos = 57.27483154278696
51.7858 	EXP 	slider_pain: markerPos = 56.52483154278696
51.8023 	EXP 	slider_pain: markerPos = 55.77483154278696
51.8188 	EXP 	slider_pain: markerPos = 55.02483154278696
51.8354 	EXP 	slider_pain: markerPos = 54.27483154278696
51.8524 	EXP 	slider_pain: markerPos = 53.52483154278696
51.8695 	EXP 	slider_pain: markerPos = 52.77483154278696
51.8856 	EXP 	slider_pain: markerPos = 52.02483154278696
51.9023 	EXP 	slider_pain: markerPos = 51.27483154278696
51.9190 	EXP 	slider_pain: markerPos = 50.52483154278696
51.9354 	EXP 	slider_pain: markerPos = 49.77483154278696
51.9522 	EXP 	slider_pain: markerPos = 49.02483154278696
51.9687 	EXP 	slider_pain: markerPos = 48.27483154278696
51.9856 	EXP 	slider_pain: markerPos = 47.52483154278696
52.0019 	EXP 	slider_pain: markerPos = 46.77483154278696
52.0187 	EXP 	slider_pain: markerPos = 46.02483154278696
52.0356 	EXP 	slider_pain: markerPos = 45.27483154278696
52.0520 	EXP 	slider_pain: markerPos = 44.52483154278696
52.0690 	EXP 	slider_pain: markerPos = 43.77483154278696
52.0854 	EXP 	slider_pain: markerPos = 43.02483154278696
52.1020 	EXP 	slider_pain: markerPos = 42.27483154278696
52.1188 	EXP 	slider_pain: markerPos = 41.52483154278696
52.1353 	EXP 	slider_pain: markerPos = 40.77483154278696
52.1520 	EXP 	slider_pain: markerPos = 40.02483154278696
52.1685 	EXP 	slider_pain: markerPos = 39.27483154278696
52.1852 	EXP 	slider_pain: markerPos = 38.52483154278696
52.2018 	EXP 	slider_pain: markerPos = 37.77483154278696
52.2187 	EXP 	slider_pain: markerPos = 37.02483154278696
52.2351 	EXP 	slider_pain: markerPos = 36.27483154278696
52.2518 	EXP 	slider_pain: markerPos = 35.52483154278696
52.2685 	EXP 	slider_pain: markerPos = 34.77483154278696
52.2853 	EXP 	slider_pain: markerPos = 34.02483154278696
52.7874 	DATA 	Keypress: n
52.8019 	EXP 	slider_pain: markerPos = 33.27483154278696
52.8185 	EXP 	slider_pain: markerPos = 32.52483154278696
52.8352 	EXP 	slider_pain: markerPos = 31.774831542786963
52.8518 	EXP 	slider_pain: markerPos = 31.024831542786963
52.8686 	EXP 	slider_pain: markerPos = 30.274831542786963
52.8852 	EXP 	slider_pain: markerPos = 29.524831542786963
52.9020 	EXP 	slider_pain: markerPos = 28.774831542786963
52.9187 	EXP 	slider_pain: markerPos = 28.024831542786963
52.9352 	EXP 	slider_pain: markerPos = 27.274831542786963
52.9520 	EXP 	slider_pain: markerPos = 26.524831542786963
52.9687 	EXP 	slider_pain: markerPos = 25.774831542786963
52.9858 	EXP 	slider_pain: markerPos = 25.024831542786963
53.0029 	EXP 	slider_pain: markerPos = 24.274831542786963
53.3212 	DATA 	Keypress: m
53.3363 	EXP 	slider_pain: markerPos = 25.024831542786963
53.3528 	EXP 	slider_pain: markerPos = 25.774831542786963
53.3696 	EXP 	slider_pain: markerPos = 26.524831542786963
53.3856 	EXP 	slider_pain: markerPos = 27.274831542786963
53.4022 	EXP 	slider_pain: markerPos = 28.024831542786963
53.4188 	EXP 	slider_pain: markerPos = 28.774831542786963
53.4360 	EXP 	slider_pain: markerPos = 29.524831542786963
53.4520 	EXP 	slider_pain: markerPos = 30.274831542786963
53.4688 	EXP 	slider_pain: markerPos = 31.024831542786963
53.4852 	EXP 	slider_pain: markerPos = 31.774831542786963
53.5020 	EXP 	slider_pain: markerPos = 32.52483154278696
53.5190 	EXP 	slider_pain: markerPos = 33.27483154278696
53.5353 	EXP 	slider_pain: markerPos = 34.02483154278696
53.5524 	EXP 	slider_pain: markerPos = 34.77483154278696
53.5686 	EXP 	slider_pain: markerPos = 35.52483154278696
53.5852 	EXP 	slider_pain: markerPos = 36.27483154278696
53.6019 	EXP 	slider_pain: markerPos = 37.02483154278696
53.6189 	EXP 	slider_pain: markerPos = 37.77483154278696
53.6356 	EXP 	slider_pain: markerPos = 38.52483154278696
53.6520 	EXP 	slider_pain: markerPos = 39.27483154278696
53.6686 	EXP 	slider_pain: markerPos = 40.02483154278696
53.6851 	EXP 	slider_pain: markerPos = 40.77483154278696
53.7018 	EXP 	slider_pain: markerPos = 41.52483154278696
53.7185 	EXP 	slider_pain: markerPos = 42.27483154278696
53.7352 	EXP 	slider_pain: markerPos = 43.02483154278696
53.7521 	EXP 	slider_pain: markerPos = 43.77483154278696
53.7686 	EXP 	slider_pain: markerPos = 44.52483154278696
53.7853 	EXP 	slider_pain: markerPos = 45.27483154278696
53.8022 	EXP 	slider_pain: markerPos = 46.02483154278696
53.8191 	EXP 	slider_pain: markerPos = 46.77483154278696
53.8351 	EXP 	slider_pain: markerPos = 47.52483154278696
53.8519 	EXP 	slider_pain: markerPos = 48.27483154278696
53.8688 	EXP 	slider_pain: markerPos = 49.02483154278696
53.8857 	EXP 	slider_pain: markerPos = 49.77483154278696
53.9023 	EXP 	slider_pain: markerPos = 50.52483154278696
53.9188 	EXP 	slider_pain: markerPos = 51.27483154278696
53.9353 	EXP 	slider_pain: markerPos = 52.02483154278696
53.9519 	EXP 	slider_pain: markerPos = 52.77483154278696
53.9686 	EXP 	slider_pain: markerPos = 53.52483154278696
53.9851 	EXP 	slider_pain: markerPos = 54.27483154278696
54.0020 	EXP 	slider_pain: markerPos = 55.02483154278696
54.0188 	EXP 	slider_pain: markerPos = 55.77483154278696
54.0352 	EXP 	slider_pain: markerPos = 56.52483154278696
54.0519 	EXP 	slider_pain: markerPos = 57.27483154278696
54.0686 	EXP 	slider_pain: markerPos = 58.02483154278696
54.0856 	EXP 	slider_pain: markerPos = 58.77483154278696
54.1020 	EXP 	slider_pain: markerPos = 59.52483154278696
54.1185 	EXP 	slider_pain: markerPos = 60.27483154278696
54.1353 	EXP 	slider_pain: markerPos = 61.02483154278696
54.1521 	EXP 	slider_pain: markerPos = 61.77483154278696
54.1684 	EXP 	slider_pain: markerPos = 62.52483154278696
54.1852 	EXP 	slider_pain: markerPos = 63.27483154278696
54.2019 	EXP 	slider_pain: markerPos = 64.02483154278696
54.2184 	EXP 	slider_pain: markerPos = 64.77483154278696
54.2352 	EXP 	slider_pain: markerPos = 65.52483154278696
54.2518 	EXP 	slider_pain: markerPos = 66.27483154278696
54.2686 	EXP 	slider_pain: markerPos = 67.02483154278696
54.2854 	EXP 	slider_pain: markerPos = 67.77483154278696
54.3018 	EXP 	slider_pain: markerPos = 68.52483154278696
54.3186 	EXP 	slider_pain: markerPos = 69.27483154278696
54.3350 	EXP 	slider_pain: markerPos = 70.02483154278696
54.3519 	EXP 	slider_pain: markerPos = 70.77483154278696
54.3686 	EXP 	slider_pain: markerPos = 71.52483154278696
54.3857 	EXP 	slider_pain: markerPos = 72.27483154278696
54.4019 	EXP 	slider_pain: markerPos = 73.02483154278696
54.4186 	EXP 	slider_pain: markerPos = 73.77483154278696
54.4353 	EXP 	slider_pain: markerPos = 74.52483154278696
54.4519 	EXP 	slider_pain: markerPos = 75.27483154278696
54.4690 	EXP 	slider_pain: markerPos = 76.02483154278696
54.4852 	EXP 	slider_pain: markerPos = 76.77483154278696
54.5020 	EXP 	slider_pain: markerPos = 77.52483154278696
54.5189 	EXP 	slider_pain: markerPos = 78.27483154278696
54.5354 	EXP 	slider_pain: markerPos = 79.02483154278696
54.5520 	EXP 	slider_pain: markerPos = 79.77483154278696
54.5688 	EXP 	slider_pain: markerPos = 80.52483154278696
54.5853 	EXP 	slider_pain: markerPos = 81.27483154278696
54.6019 	EXP 	slider_pain: markerPos = 82.02483154278696
54.8376 	DATA 	Keypress: n
54.8517 	EXP 	slider_pain: markerPos = 81.27483154278696
54.8689 	EXP 	slider_pain: markerPos = 80.52483154278696
54.8855 	EXP 	slider_pain: markerPos = 79.77483154278696
54.9021 	EXP 	slider_pain: markerPos = 79.02483154278696
54.9187 	EXP 	slider_pain: markerPos = 78.27483154278696
54.9351 	EXP 	slider_pain: markerPos = 77.52483154278696
54.9520 	EXP 	slider_pain: markerPos = 76.77483154278696
54.9689 	EXP 	slider_pain: markerPos = 76.02483154278696
54.9856 	EXP 	slider_pain: markerPos = 75.27483154278696
55.0023 	EXP 	slider_pain: markerPos = 74.52483154278696
55.0186 	EXP 	slider_pain: markerPos = 73.77483154278696
55.0360 	EXP 	slider_pain: markerPos = 73.02483154278696
55.0520 	EXP 	slider_pain: markerPos = 72.27483154278696
55.0688 	EXP 	slider_pain: markerPos = 71.52483154278696
55.0852 	EXP 	slider_pain: markerPos = 70.77483154278696
55.1016 	EXP 	slider_pain: markerPos = 70.02483154278696
55.1185 	EXP 	slider_pain: markerPos = 69.27483154278696
55.1356 	EXP 	slider_pain: markerPos = 68.52483154278696
55.1520 	EXP 	slider_pain: markerPos = 67.77483154278696
55.1686 	EXP 	slider_pain: markerPos = 67.02483154278696
55.1851 	EXP 	slider_pain: markerPos = 66.27483154278696
55.2020 	EXP 	slider_pain: markerPos = 65.52483154278696
55.2187 	EXP 	slider_pain: markerPos = 64.77483154278696
55.2352 	EXP 	slider_pain: markerPos = 64.02483154278696
55.2522 	EXP 	slider_pain: markerPos = 63.274831542786956
55.2689 	EXP 	slider_pain: markerPos = 62.524831542786956
55.2853 	EXP 	slider_pain: markerPos = 61.774831542786956
55.3023 	EXP 	slider_pain: markerPos = 61.024831542786956
55.3188 	EXP 	slider_pain: markerPos = 60.274831542786956
55.3358 	EXP 	slider_pain: markerPos = 59.524831542786956
55.3520 	EXP 	slider_pain: markerPos = 58.774831542786956
55.3687 	EXP 	slider_pain: markerPos = 58.024831542786956
55.3856 	EXP 	slider_pain: markerPos = 57.274831542786956
55.4018 	EXP 	slider_pain: markerPos = 56.524831542786956
55.4186 	EXP 	slider_pain: markerPos = 55.774831542786956
55.4350 	EXP 	slider_pain: markerPos = 55.024831542786956
55.4520 	EXP 	slider_pain: markerPos = 54.274831542786956
55.4690 	EXP 	slider_pain: markerPos = 53.524831542786956
55.4855 	EXP 	slider_pain: markerPos = 52.774831542786956
55.5021 	EXP 	slider_pain: markerPos = 52.024831542786956
55.5187 	EXP 	slider_pain: markerPos = 51.274831542786956
55.5353 	EXP 	slider_pain: markerPos = 50.524831542786956
55.5517 	EXP 	slider_pain: markerPos = 49.774831542786956
55.5685 	EXP 	slider_pain: markerPos = 49.024831542786956
55.5853 	EXP 	slider_pain: markerPos = 48.274831542786956
55.6022 	EXP 	slider_pain: markerPos = 47.524831542786956
55.6186 	EXP 	slider_pain: markerPos = 46.774831542786956
55.6362 	EXP 	slider_pain: markerPos = 46.024831542786956
55.6521 	EXP 	slider_pain: markerPos = 45.274831542786956
55.6687 	EXP 	slider_pain: markerPos = 44.524831542786956
55.6851 	EXP 	slider_pain: markerPos = 43.774831542786956
55.7018 	EXP 	slider_pain: markerPos = 43.024831542786956
55.7187 	EXP 	slider_pain: markerPos = 42.274831542786956
55.7351 	EXP 	slider_pain: markerPos = 41.524831542786956
55.7522 	EXP 	slider_pain: markerPos = 40.774831542786956
55.7688 	EXP 	slider_pain: markerPos = 40.024831542786956
55.7853 	EXP 	slider_pain: markerPos = 39.274831542786956
55.8021 	EXP 	slider_pain: markerPos = 38.524831542786956
55.8185 	EXP 	slider_pain: markerPos = 37.774831542786956
55.8354 	EXP 	slider_pain: markerPos = 37.024831542786956
55.8519 	EXP 	slider_pain: markerPos = 36.274831542786956
55.8687 	EXP 	slider_pain: markerPos = 35.524831542786956
55.8855 	EXP 	slider_pain: markerPos = 34.774831542786956
55.9018 	EXP 	slider_pain: markerPos = 34.024831542786956
55.9187 	EXP 	slider_pain: markerPos = 33.274831542786956
55.9357 	EXP 	slider_pain: markerPos = 32.524831542786956
55.9523 	EXP 	slider_pain: markerPos = 31.774831542786956
55.9691 	EXP 	slider_pain: markerPos = 31.024831542786956
55.9854 	EXP 	slider_pain: markerPos = 30.274831542786956
56.0018 	EXP 	slider_pain: markerPos = 29.524831542786956
56.0184 	EXP 	slider_pain: markerPos = 28.774831542786956
56.0352 	EXP 	slider_pain: markerPos = 28.024831542786956
56.0517 	EXP 	slider_pain: markerPos = 27.274831542786956
56.0688 	EXP 	slider_pain: markerPos = 26.524831542786956
56.0854 	EXP 	slider_pain: markerPos = 25.774831542786956
57.0216 	DATA 	Keypress: m
57.0352 	EXP 	slider_pain: markerPos = 26.524831542786956
57.0520 	EXP 	slider_pain: markerPos = 27.274831542786956
57.0684 	EXP 	slider_pain: markerPos = 28.024831542786956
57.0853 	EXP 	slider_pain: markerPos = 28.774831542786956
57.2542 	DATA 	Keypress: n
57.2686 	EXP 	slider_pain: markerPos = 28.024831542786956
57.2850 	EXP 	slider_pain: markerPos = 27.274831542786956
57.3020 	EXP 	slider_pain: markerPos = 26.524831542786956
57.3187 	EXP 	slider_pain: markerPos = 25.774831542786956
57.3352 	EXP 	slider_pain: markerPos = 25.024831542786956
57.3521 	EXP 	slider_pain: markerPos = 24.274831542786956
57.3686 	EXP 	slider_pain: markerPos = 23.524831542786956
57.4215 	DATA 	Keypress: n
57.4357 	EXP 	slider_pain: markerPos = 22.774831542786956
57.4520 	EXP 	slider_pain: markerPos = 22.024831542786956
57.4687 	EXP 	slider_pain: markerPos = 21.274831542786956
57.4854 	EXP 	slider_pain: markerPos = 20.524831542786956
57.5019 	EXP 	slider_pain: markerPos = 19.774831542786956
57.9375 	DATA 	Keypress: n
57.9521 	EXP 	slider_pain: markerPos = 19.024831542786956
57.9690 	EXP 	slider_pain: markerPos = 18.274831542786956
57.9853 	EXP 	slider_pain: markerPos = 17.524831542786956
58.0026 	EXP 	slider_pain: markerPos = 16.774831542786956
58.0187 	EXP 	slider_pain: markerPos = 16.024831542786956
58.1233 	DATA 	Keypress: n
58.1520 	EXP 	slider_pain: markerPos = 15.274831542786956
58.1685 	EXP 	slider_pain: markerPos = 14.524831542786956
58.1854 	EXP 	slider_pain: markerPos = 13.774831542786956
58.2884 	DATA 	Keypress: n
58.3019 	EXP 	slider_pain: markerPos = 13.024831542786956
58.3186 	EXP 	slider_pain: markerPos = 12.274831542786956
58.3353 	EXP 	slider_pain: markerPos = 11.524831542786956
58.3521 	EXP 	slider_pain: markerPos = 10.774831542786956
58.3686 	EXP 	slider_pain: markerPos = 10.024831542786956
58.5045 	DATA 	Keypress: m
58.5188 	EXP 	slider_pain: markerPos = 10.774831542786956
58.5355 	EXP 	slider_pain: markerPos = 11.524831542786956
58.5524 	EXP 	slider_pain: markerPos = 12.274831542786956
58.5688 	EXP 	slider_pain: markerPos = 13.024831542786956
58.5853 	EXP 	slider_pain: markerPos = 13.774831542786956
58.6030 	EXP 	slider_pain: markerPos = 14.524831542786956
58.6187 	EXP 	slider_pain: markerPos = 15.274831542786956
58.6352 	EXP 	slider_pain: markerPos = 16.024831542786956
58.6523 	EXP 	slider_pain: markerPos = 16.774831542786956
58.6688 	EXP 	slider_pain: markerPos = 17.524831542786956
58.6854 	EXP 	slider_pain: markerPos = 18.274831542786956
58.7021 	EXP 	slider_pain: markerPos = 19.024831542786956
58.7183 	EXP 	slider_pain: markerPos = 19.774831542786956
58.7354 	EXP 	slider_pain: markerPos = 20.524831542786956
58.7521 	EXP 	slider_pain: markerPos = 21.274831542786956
58.7685 	EXP 	slider_pain: markerPos = 22.024831542786956
58.7851 	EXP 	slider_pain: markerPos = 22.774831542786956
58.8020 	EXP 	slider_pain: markerPos = 23.524831542786956
58.8185 	EXP 	slider_pain: markerPos = 24.274831542786956
58.8353 	EXP 	slider_pain: markerPos = 25.024831542786956
58.8518 	EXP 	slider_pain: markerPos = 25.774831542786956
58.8689 	EXP 	slider_pain: markerPos = 26.524831542786956
58.8852 	EXP 	slider_pain: markerPos = 27.274831542786956
58.9021 	EXP 	slider_pain: markerPos = 28.024831542786956
58.9192 	EXP 	slider_pain: markerPos = 28.774831542786956
58.9354 	EXP 	slider_pain: markerPos = 29.524831542786956
58.9520 	EXP 	slider_pain: markerPos = 30.274831542786956
58.9686 	EXP 	slider_pain: markerPos = 31.024831542786956
58.9854 	EXP 	slider_pain: markerPos = 31.774831542786956
59.0020 	EXP 	slider_pain: markerPos = 32.524831542786956
59.0187 	EXP 	slider_pain: markerPos = 33.274831542786956
59.0353 	EXP 	slider_pain: markerPos = 34.024831542786956
59.0522 	EXP 	slider_pain: markerPos = 34.774831542786956
59.0686 	EXP 	slider_pain: markerPos = 35.524831542786956
59.0853 	EXP 	slider_pain: markerPos = 36.274831542786956
59.1018 	EXP 	slider_pain: markerPos = 37.024831542786956
59.1185 	EXP 	slider_pain: markerPos = 37.774831542786956
59.1354 	EXP 	slider_pain: markerPos = 38.524831542786956
59.1521 	EXP 	slider_pain: markerPos = 39.274831542786956
59.1689 	EXP 	slider_pain: markerPos = 40.024831542786956
59.1856 	EXP 	slider_pain: markerPos = 40.774831542786956
59.2023 	EXP 	slider_pain: markerPos = 41.524831542786956
59.2187 	EXP 	slider_pain: markerPos = 42.274831542786956
59.2354 	EXP 	slider_pain: markerPos = 43.024831542786956
59.2518 	EXP 	slider_pain: markerPos = 43.774831542786956
59.2687 	EXP 	slider_pain: markerPos = 44.524831542786956
59.5560 	DATA 	Keypress: n
59.6557 	EXP 	New trial (rep=0, index=1): <Trial 1 (1 in rep 0) data={'expected_vas': 70, 'expect_uncertainty': 'low', 'sensory_uncertainty': 'high', 'thisN': 1, 'thisTrialN': 1, 'thisRepN': 0}>
59.6698 	INFO 	Keyboard events cleared
59.6693 	EXP 	slider_pain: markerPos = 43.774831542786956
59.6693 	EXP 	main_prompt: autoDraw = True
59.6693 	EXP 	space_prompt: autoDraw = True
59.6693 	EXP 	slider_pain: autoDraw = False
59.6693 	EXP 	main_prompt: autoDraw = False
59.6693 	EXP 	space_prompt: autoDraw = False
59.6693 	EXP 	fixation_cross: autoDraw = True
61.6549 	EXP 	Created unnamed Rect = Rect(__class__=<class 'psychopy.visual.rect.Rect'>, anchor=('center', 'center'), autoDraw=False, autoLog=True, closeShape=True, color=method-wrapper(...), colorSpace='rgb', contrast=None, depth=0, draggable=False, fillColor=array([ 1, -1, -1]), fillColorSpace='rgb', fillRGB=array([ 1, -1, -1]), interpolate=True, lineColor=array([ 1., -1., -1.]), lineColorSpace='rgb', lineRGB=array([ 1, -1, -1]), lineWidth=1.5, name='unnamed Rect', opacity=1, ori=0.0, pos=array([0., 0.]), size=array([0.01, 0.1 ]), units='height', vertices=ndarray(...), win=Window(...))
61.6560 	EXP 	Created unnamed Rect = Rect(__class__=<class 'psychopy.visual.rect.Rect'>, anchor=('center', 'center'), autoDraw=False, autoLog=True, closeShape=True, color=method-wrapper(...), colorSpace='rgb', contrast=None, depth=0, draggable=False, fillColor=array([1, 1, 1]), fillColorSpace='rgb', fillRGB=array([1, 1, 1]), interpolate=True, lineColor=array([1., 1., 1.]), lineColorSpace='rgb', lineRGB=array([1, 1, 1]), lineWidth=1.5, name='unnamed Rect', opacity=0.3, ori=0.0, pos=array([0.2, 0. ]), size=array([0.05, 0.1 ]), units='height', vertices=ndarray(...), win=Window(...))
61.6565 	EXP 	Created unnamed Rect = Rect(__class__=<class 'psychopy.visual.rect.Rect'>, anchor=('center', 'center'), autoDraw=False, autoLog=True, closeShape=True, color=method-wrapper(...), colorSpace='rgb', contrast=None, depth=0, draggable=False, fillColor=array([1, 1, 1]), fillColorSpace='rgb', fillRGB=array([1, 1, 1]), interpolate=True, lineColor=array([1., 1., 1.]), lineColorSpace='rgb', lineRGB=array([1, 1, 1]), lineWidth=1.5, name='unnamed Rect', opacity=0.2, ori=0.0, pos=array([0.2, 0. ]), size=array([0.35, 0.1 ]), units='height', vertices=ndarray(...), win=Window(...))
61.6681 	EXP 	fixation_cross: autoDraw = False
61.6681 	EXP 	fixation_cross: autoDraw = False
61.6681 	EXP 	slider_pain: markerPos = None
61.6681 	EXP 	slider_pain: markerPos = 70
61.6681 	EXP 	slider_indicator: markerPos = None
61.6681 	EXP 	slider_indicator: markerPos = None
62.4700 	DATA 	Keypress: n
65.7857 	EXP 	slider_indicator: autoDraw = True
65.7857 	EXP 	slider_indicator: autoDraw = False
65.7857 	EXP 	fake_pain: autoDraw = True
67.7724 	EXP 	Created unnamed Rect = Rect(__class__=<class 'psychopy.visual.rect.Rect'>, anchor=('center', 'center'), autoDraw=False, autoLog=True, closeShape=True, color=method-wrapper(...), colorSpace='rgb', contrast=None, depth=0, draggable=False, fillColor=array([ 1, -1, -1]), fillColorSpace='rgb', fillRGB=array([ 1, -1, -1]), interpolate=True, lineColor=array([ 1., -1., -1.]), lineColorSpace='rgb', lineRGB=array([ 1, -1, -1]), lineWidth=1.5, name='unnamed Rect', opacity=1, ori=0.0, pos=array([0., 0.]), size=array([0.01, 0.1 ]), units='height', vertices=ndarray(...), win=Window(...))
67.7851 	EXP 	fake_pain: autoDraw = False
67.7851 	EXP 	fake_pain: autoDraw = False
67.7851 	EXP 	slider_pain: markerPos = None
67.7851 	EXP 	slider_pain: markerPos = 70
67.7851 	EXP 	slider_pain: markerPos = None
67.7851 	EXP 	slider_pain: markerPos = 28.037071335562114
68.2385 	DATA 	Keypress: m
68.2518 	EXP 	slider_pain: markerPos = 28.787071335562114
68.2685 	EXP 	slider_pain: markerPos = 29.537071335562114
68.2852 	EXP 	slider_pain: markerPos = 30.287071335562114
68.3020 	EXP 	slider_pain: markerPos = 31.037071335562114
68.3189 	EXP 	slider_pain: markerPos = 31.787071335562114
68.3353 	EXP 	slider_pain: markerPos = 32.53707133556212
68.3520 	EXP 	slider_pain: markerPos = 33.28707133556212
68.3687 	EXP 	slider_pain: markerPos = 34.03707133556212
68.3854 	EXP 	slider_pain: markerPos = 34.78707133556212
68.4019 	EXP 	slider_pain: markerPos = 35.53707133556212
68.4184 	EXP 	slider_pain: markerPos = 36.28707133556212
68.4354 	EXP 	slider_pain: markerPos = 37.03707133556212
68.4521 	EXP 	slider_pain: markerPos = 37.78707133556212
68.4686 	EXP 	slider_pain: markerPos = 38.53707133556212
68.4854 	EXP 	slider_pain: markerPos = 39.28707133556212
68.5020 	EXP 	slider_pain: markerPos = 40.03707133556212
68.5184 	EXP 	slider_pain: markerPos = 40.78707133556212
68.5354 	EXP 	slider_pain: markerPos = 41.53707133556212
68.5519 	EXP 	slider_pain: markerPos = 42.28707133556212
68.5686 	EXP 	slider_pain: markerPos = 43.03707133556212
68.5851 	EXP 	slider_pain: markerPos = 43.78707133556212
68.6023 	EXP 	slider_pain: markerPos = 44.53707133556212
68.6186 	EXP 	slider_pain: markerPos = 45.28707133556212
68.6354 	EXP 	slider_pain: markerPos = 46.03707133556212
68.6522 	EXP 	slider_pain: markerPos = 46.78707133556212
68.6685 	EXP 	slider_pain: markerPos = 47.53707133556212
68.6851 	EXP 	slider_pain: markerPos = 48.28707133556212
68.7022 	EXP 	slider_pain: markerPos = 49.03707133556212
68.7188 	EXP 	slider_pain: markerPos = 49.78707133556212
68.7351 	EXP 	slider_pain: markerPos = 50.53707133556212
68.7518 	EXP 	slider_pain: markerPos = 51.28707133556212
68.7683 	EXP 	slider_pain: markerPos = 52.03707133556212
68.7851 	EXP 	slider_pain: markerPos = 52.78707133556212
68.8017 	EXP 	slider_pain: markerPos = 53.53707133556212
68.8186 	EXP 	slider_pain: markerPos = 54.28707133556212
68.8352 	EXP 	slider_pain: markerPos = 55.03707133556212
68.8517 	EXP 	slider_pain: markerPos = 55.78707133556212
68.8684 	EXP 	slider_pain: markerPos = 56.53707133556212
68.8852 	EXP 	slider_pain: markerPos = 57.28707133556212
68.9019 	EXP 	slider_pain: markerPos = 58.03707133556212
68.9184 	EXP 	slider_pain: markerPos = 58.78707133556212
68.9352 	EXP 	slider_pain: markerPos = 59.53707133556212
68.9517 	EXP 	slider_pain: markerPos = 60.28707133556212
68.9687 	EXP 	slider_pain: markerPos = 61.03707133556212
68.9852 	EXP 	slider_pain: markerPos = 61.78707133556212
69.0019 	EXP 	slider_pain: markerPos = 62.53707133556212
69.0186 	EXP 	slider_pain: markerPos = 63.28707133556212
69.0352 	EXP 	slider_pain: markerPos = 64.03707133556212
69.0521 	EXP 	slider_pain: markerPos = 64.78707133556212
69.2223 	DATA 	Keypress: space
69.3234 	EXP 	New trial (rep=0, index=2): <Trial 2 (2 in rep 0) data={'expected_vas': 30, 'expect_uncertainty': 'low', 'sensory_uncertainty': 'low', 'thisN': 2, 'thisTrialN': 2, 'thisRepN': 0}>
69.3360 	INFO 	Keyboard events cleared
69.3356 	EXP 	main_prompt: autoDraw = True
69.3356 	EXP 	space_prompt: autoDraw = True
69.3356 	EXP 	slider_pain: autoDraw = False
69.3356 	EXP 	main_prompt: autoDraw = False
69.3356 	EXP 	space_prompt: autoDraw = False
69.3356 	EXP 	fixation_cross: autoDraw = True
71.3227 	EXP 	Created unnamed Rect = Rect(__class__=<class 'psychopy.visual.rect.Rect'>, anchor=('center', 'center'), autoDraw=False, autoLog=True, closeShape=True, color=method-wrapper(...), colorSpace='rgb', contrast=None, depth=0, draggable=False, fillColor=array([ 1, -1, -1]), fillColorSpace='rgb', fillRGB=array([ 1, -1, -1]), interpolate=True, lineColor=array([ 1., -1., -1.]), lineColorSpace='rgb', lineRGB=array([ 1, -1, -1]), lineWidth=1.5, name='unnamed Rect', opacity=1, ori=0.0, pos=array([0., 0.]), size=array([0.01, 0.1 ]), units='height', vertices=ndarray(...), win=Window(...))
71.3240 	EXP 	Created unnamed Rect = Rect(__class__=<class 'psychopy.visual.rect.Rect'>, anchor=('center', 'center'), autoDraw=False, autoLog=True, closeShape=True, color=method-wrapper(...), colorSpace='rgb', contrast=None, depth=0, draggable=False, fillColor=array([1, 1, 1]), fillColorSpace='rgb', fillRGB=array([1, 1, 1]), interpolate=True, lineColor=array([1., 1., 1.]), lineColorSpace='rgb', lineRGB=array([1, 1, 1]), lineWidth=1.5, name='unnamed Rect', opacity=0.3, ori=0.0, pos=array([-0.2,  0. ]), size=array([0.05, 0.1 ]), units='height', vertices=ndarray(...), win=Window(...))
71.3246 	EXP 	Created unnamed Rect = Rect(__class__=<class 'psychopy.visual.rect.Rect'>, anchor=('center', 'center'), autoDraw=False, autoLog=True, closeShape=True, color=method-wrapper(...), colorSpace='rgb', contrast=None, depth=0, draggable=False, fillColor=array([1, 1, 1]), fillColorSpace='rgb', fillRGB=array([1, 1, 1]), interpolate=True, lineColor=array([1., 1., 1.]), lineColorSpace='rgb', lineRGB=array([1, 1, 1]), lineWidth=1.5, name='unnamed Rect', opacity=0.2, ori=0.0, pos=array([-0.2,  0. ]), size=array([0.35, 0.1 ]), units='height', vertices=ndarray(...), win=Window(...))
71.3348 	EXP 	fixation_cross: autoDraw = False
71.3348 	EXP 	fixation_cross: autoDraw = False
71.3348 	EXP 	slider_pain: markerPos = None
71.3348 	EXP 	slider_pain: markerPos = 30
71.3348 	EXP 	slider_indicator: markerPos = None
71.3348 	EXP 	slider_indicator: markerPos = None
75.4525 	EXP 	slider_indicator: autoDraw = True
75.4525 	EXP 	slider_indicator: autoDraw = False
75.4525 	EXP 	fake_pain: autoDraw = True
77.4407 	EXP 	Created unnamed Rect = Rect(__class__=<class 'psychopy.visual.rect.Rect'>, anchor=('center', 'center'), autoDraw=False, autoLog=True, closeShape=True, color=method-wrapper(...), colorSpace='rgb', contrast=None, depth=0, draggable=False, fillColor=array([ 1, -1, -1]), fillColorSpace='rgb', fillRGB=array([ 1, -1, -1]), interpolate=True, lineColor=array([ 1., -1., -1.]), lineColorSpace='rgb', lineRGB=array([ 1, -1, -1]), lineWidth=1.5, name='unnamed Rect', opacity=1, ori=0.0, pos=array([0., 0.]), size=array([0.01, 0.1 ]), units='height', vertices=ndarray(...), win=Window(...))
77.4514 	EXP 	fake_pain: autoDraw = False
77.4514 	EXP 	fake_pain: autoDraw = False
77.4514 	EXP 	slider_pain: markerPos = None
77.4514 	EXP 	slider_pain: markerPos = 30
77.4514 	EXP 	slider_pain: markerPos = None
77.4514 	EXP 	slider_pain: markerPos = 32.01390193303371
77.9877 	DATA 	Keypress: m
78.0018 	EXP 	slider_pain: markerPos = 32.76390193303371
78.0185 	EXP 	slider_pain: markerPos = 33.51390193303371
78.0351 	EXP 	slider_pain: markerPos = 34.26390193303371
78.0518 	EXP 	slider_pain: markerPos = 35.01390193303371
78.0684 	EXP 	slider_pain: markerPos = 35.76390193303371
78.0852 	EXP 	slider_pain: markerPos = 36.51390193303371
78.1017 	EXP 	slider_pain: markerPos = 37.26390193303371
78.1190 	EXP 	slider_pain: markerPos = 38.01390193303371
78.1355 	EXP 	slider_pain: markerPos = 38.76390193303371
78.1518 	EXP 	slider_pain: markerPos = 39.51390193303371
78.1687 	EXP 	slider_pain: markerPos = 40.26390193303371
78.1852 	EXP 	slider_pain: markerPos = 41.01390193303371
78.2019 	EXP 	slider_pain: markerPos = 41.76390193303371
78.2188 	EXP 	slider_pain: markerPos = 42.51390193303371
78.2352 	EXP 	slider_pain: markerPos = 43.26390193303371
78.2523 	EXP 	slider_pain: markerPos = 44.01390193303371
78.2686 	EXP 	slider_pain: markerPos = 44.76390193303371
78.2853 	EXP 	slider_pain: markerPos = 45.51390193303371
78.3023 	EXP 	slider_pain: markerPos = 46.26390193303371
78.3188 	EXP 	slider_pain: markerPos = 47.01390193303371
78.3352 	EXP 	slider_pain: markerPos = 47.76390193303371
78.3517 	EXP 	slider_pain: markerPos = 48.51390193303371
78.3686 	EXP 	slider_pain: markerPos = 49.26390193303371
78.3858 	EXP 	slider_pain: markerPos = 50.01390193303371
78.4021 	EXP 	slider_pain: markerPos = 50.76390193303371
78.4182 	EXP 	slider_pain: markerPos = 51.51390193303371
78.4358 	EXP 	slider_pain: markerPos = 52.26390193303371
78.4522 	EXP 	slider_pain: markerPos = 53.01390193303371
78.4685 	EXP 	slider_pain: markerPos = 53.76390193303371
78.4854 	EXP 	slider_pain: markerPos = 54.51390193303371
78.5015 	EXP 	slider_pain: markerPos = 55.26390193303371
78.5189 	EXP 	slider_pain: markerPos = 56.01390193303371
78.5351 	EXP 	slider_pain: markerPos = 56.76390193303371
78.5522 	EXP 	slider_pain: markerPos = 57.51390193303371
78.5689 	EXP 	slider_pain: markerPos = 58.26390193303371
78.5854 	EXP 	slider_pain: markerPos = 59.01390193303371
78.6023 	EXP 	slider_pain: markerPos = 59.76390193303371
78.6186 	EXP 	slider_pain: markerPos = 60.51390193303371
78.6353 	EXP 	slider_pain: markerPos = 61.26390193303371
78.9887 	DATA 	Keypress: space
79.0900 	EXP 	New trial (rep=0, index=3): <Trial 3 (3 in rep 0) data={'expected_vas': 70, 'expect_uncertainty': 'low', 'sensory_uncertainty': 'low', 'thisN': 3, 'thisTrialN': 3, 'thisRepN': 0}>
79.1026 	INFO 	Keyboard events cleared
79.1022 	EXP 	main_prompt: autoDraw = True
79.1022 	EXP 	space_prompt: autoDraw = True
79.1022 	EXP 	slider_pain: autoDraw = False
79.1022 	EXP 	main_prompt: autoDraw = False
79.1022 	EXP 	space_prompt: autoDraw = False
79.1022 	EXP 	fixation_cross: autoDraw = True
81.0900 	EXP 	Created unnamed Rect = Rect(__class__=<class 'psychopy.visual.rect.Rect'>, anchor=('center', 'center'), autoDraw=False, autoLog=True, closeShape=True, color=method-wrapper(...), colorSpace='rgb', contrast=None, depth=0, draggable=False, fillColor=array([ 1, -1, -1]), fillColorSpace='rgb', fillRGB=array([ 1, -1, -1]), interpolate=True, lineColor=array([ 1., -1., -1.]), lineColorSpace='rgb', lineRGB=array([ 1, -1, -1]), lineWidth=1.5, name='unnamed Rect', opacity=1, ori=0.0, pos=array([0., 0.]), size=array([0.01, 0.1 ]), units='height', vertices=ndarray(...), win=Window(...))
81.0919 	EXP 	Created unnamed Rect = Rect(__class__=<class 'psychopy.visual.rect.Rect'>, anchor=('center', 'center'), autoDraw=False, autoLog=True, closeShape=True, color=method-wrapper(...), colorSpace='rgb', contrast=None, depth=0, draggable=False, fillColor=array([1, 1, 1]), fillColorSpace='rgb', fillRGB=array([1, 1, 1]), interpolate=True, lineColor=array([1., 1., 1.]), lineColorSpace='rgb', lineRGB=array([1, 1, 1]), lineWidth=1.5, name='unnamed Rect', opacity=0.3, ori=0.0, pos=array([0.2, 0. ]), size=array([0.05, 0.1 ]), units='height', vertices=ndarray(...), win=Window(...))
81.0929 	EXP 	Created unnamed Rect = Rect(__class__=<class 'psychopy.visual.rect.Rect'>, anchor=('center', 'center'), autoDraw=False, autoLog=True, closeShape=True, color=method-wrapper(...), colorSpace='rgb', contrast=None, depth=0, draggable=False, fillColor=array([1, 1, 1]), fillColorSpace='rgb', fillRGB=array([1, 1, 1]), interpolate=True, lineColor=array([1., 1., 1.]), lineColorSpace='rgb', lineRGB=array([1, 1, 1]), lineWidth=1.5, name='unnamed Rect', opacity=0.2, ori=0.0, pos=array([0.2, 0. ]), size=array([0.35, 0.1 ]), units='height', vertices=ndarray(...), win=Window(...))
81.1013 	EXP 	fixation_cross: autoDraw = False
81.1013 	EXP 	fixation_cross: autoDraw = False
81.1013 	EXP 	slider_pain: markerPos = None
81.1013 	EXP 	slider_pain: markerPos = 70
81.1013 	EXP 	slider_indicator: markerPos = None
81.1013 	EXP 	slider_indicator: markerPos = None
81.8050 	DATA 	Keypress: space
85.2189 	EXP 	slider_indicator: autoDraw = True
85.2189 	EXP 	slider_indicator: autoDraw = False
85.2189 	EXP 	fake_pain: autoDraw = True
86.1211 	DATA 	Keypress: space
87.2064 	EXP 	Created unnamed Rect = Rect(__class__=<class 'psychopy.visual.rect.Rect'>, anchor=('center', 'center'), autoDraw=False, autoLog=True, closeShape=True, color=method-wrapper(...), colorSpace='rgb', contrast=None, depth=0, draggable=False, fillColor=array([ 1, -1, -1]), fillColorSpace='rgb', fillRGB=array([ 1, -1, -1]), interpolate=True, lineColor=array([ 1., -1., -1.]), lineColorSpace='rgb', lineRGB=array([ 1, -1, -1]), lineWidth=1.5, name='unnamed Rect', opacity=1, ori=0.0, pos=array([0., 0.]), size=array([0.01, 0.1 ]), units='height', vertices=ndarray(...), win=Window(...))
87.2180 	EXP 	fake_pain: autoDraw = False
87.2180 	EXP 	fake_pain: autoDraw = False
87.2180 	EXP 	slider_pain: markerPos = None
87.2180 	EXP 	slider_pain: markerPos = 70
87.2180 	EXP 	slider_pain: markerPos = None
87.2180 	EXP 	slider_pain: markerPos = 84.60325662494907
87.7376 	DATA 	Keypress: n
87.7515 	EXP 	slider_pain: markerPos = 83.85325662494907
87.7684 	EXP 	slider_pain: markerPos = 83.10325662494907
87.7851 	EXP 	slider_pain: markerPos = 82.35325662494907
87.8020 	EXP 	slider_pain: markerPos = 81.60325662494907
87.8186 	EXP 	slider_pain: markerPos = 80.85325662494907
87.8356 	EXP 	slider_pain: markerPos = 80.10325662494907
87.8516 	EXP 	slider_pain: markerPos = 79.35325662494907
87.8684 	EXP 	slider_pain: markerPos = 78.60325662494907
87.8854 	EXP 	slider_pain: markerPos = 77.85325662494907
87.9018 	EXP 	slider_pain: markerPos = 77.10325662494907
87.9185 	EXP 	slider_pain: markerPos = 76.35325662494907
87.9351 	EXP 	slider_pain: markerPos = 75.60325662494907
87.9520 	EXP 	slider_pain: markerPos = 74.85325662494907
87.9688 	EXP 	slider_pain: markerPos = 74.10325662494907
87.9851 	EXP 	slider_pain: markerPos = 73.35325662494907
88.0017 	EXP 	slider_pain: markerPos = 72.60325662494907
88.0185 	EXP 	slider_pain: markerPos = 71.85325662494907
88.0353 	EXP 	slider_pain: markerPos = 71.10325662494907
88.0515 	EXP 	slider_pain: markerPos = 70.35325662494907
88.0684 	EXP 	slider_pain: markerPos = 69.60325662494907
88.0855 	EXP 	slider_pain: markerPos = 68.85325662494907
88.1021 	EXP 	slider_pain: markerPos = 68.10325662494907
88.1187 	EXP 	slider_pain: markerPos = 67.35325662494907
88.1354 	EXP 	slider_pain: markerPos = 66.60325662494907
88.1518 	EXP 	slider_pain: markerPos = 65.85325662494907
88.1685 	EXP 	slider_pain: markerPos = 65.10325662494907
88.1851 	EXP 	slider_pain: markerPos = 64.35325662494907
88.2023 	EXP 	slider_pain: markerPos = 63.60325662494907
88.2189 	EXP 	slider_pain: markerPos = 62.85325662494907
88.2353 	EXP 	slider_pain: markerPos = 62.10325662494907
88.2517 	EXP 	slider_pain: markerPos = 61.35325662494907
88.2688 	EXP 	slider_pain: markerPos = 60.60325662494907
88.2850 	EXP 	slider_pain: markerPos = 59.85325662494907
88.3019 	EXP 	slider_pain: markerPos = 59.10325662494907
88.3187 	EXP 	slider_pain: markerPos = 58.35325662494907
88.3350 	EXP 	slider_pain: markerPos = 57.60325662494907
88.3515 	EXP 	slider_pain: markerPos = 56.85325662494907
88.3685 	EXP 	slider_pain: markerPos = 56.10325662494907
88.3851 	EXP 	slider_pain: markerPos = 55.35325662494907
88.4017 	EXP 	slider_pain: markerPos = 54.60325662494907
88.4186 	EXP 	slider_pain: markerPos = 53.85325662494907
88.4351 	EXP 	slider_pain: markerPos = 53.10325662494907
88.4518 	EXP 	slider_pain: markerPos = 52.35325662494907
88.4683 	EXP 	slider_pain: markerPos = 51.60325662494907
88.4851 	EXP 	slider_pain: markerPos = 50.85325662494907
88.5020 	EXP 	slider_pain: markerPos = 50.10325662494907
88.5186 	EXP 	slider_pain: markerPos = 49.35325662494907
88.5351 	EXP 	slider_pain: markerPos = 48.60325662494907
88.5516 	EXP 	slider_pain: markerPos = 47.85325662494907
88.5687 	EXP 	slider_pain: markerPos = 47.10325662494907
88.5851 	EXP 	slider_pain: markerPos = 46.35325662494907
88.6019 	EXP 	slider_pain: markerPos = 45.60325662494907
88.6889 	DATA 	Keypress: space
88.7898 	EXP 	New trial (rep=0, index=4): <Trial 4 (4 in rep 0) data={'expected_vas': 70, 'expect_uncertainty': 'high', 'sensory_uncertainty': 'low', 'thisN': 4, 'thisTrialN': 4, 'thisRepN': 0}>
88.8027 	INFO 	Keyboard events cleared
88.8023 	EXP 	main_prompt: autoDraw = True
88.8023 	EXP 	space_prompt: autoDraw = True
88.8023 	EXP 	slider_pain: autoDraw = False
88.8023 	EXP 	main_prompt: autoDraw = False
88.8023 	EXP 	space_prompt: autoDraw = False
88.8023 	EXP 	fixation_cross: autoDraw = True
90.7911 	EXP 	Created unnamed Rect = Rect(__class__=<class 'psychopy.visual.rect.Rect'>, anchor=('center', 'center'), autoDraw=False, autoLog=True, closeShape=True, color=method-wrapper(...), colorSpace='rgb', contrast=None, depth=0, draggable=False, fillColor=array([ 1, -1, -1]), fillColorSpace='rgb', fillRGB=array([ 1, -1, -1]), interpolate=True, lineColor=array([ 1., -1., -1.]), lineColorSpace='rgb', lineRGB=array([ 1, -1, -1]), lineWidth=1.5, name='unnamed Rect', opacity=1, ori=0.0, pos=array([0., 0.]), size=array([0.01, 0.1 ]), units='height', vertices=ndarray(...), win=Window(...))
90.7933 	EXP 	Created unnamed Rect = Rect(__class__=<class 'psychopy.visual.rect.Rect'>, anchor=('center', 'center'), autoDraw=False, autoLog=True, closeShape=True, color=method-wrapper(...), colorSpace='rgb', contrast=None, depth=0, draggable=False, fillColor=array([1, 1, 1]), fillColorSpace='rgb', fillRGB=array([1, 1, 1]), interpolate=True, lineColor=array([1., 1., 1.]), lineColorSpace='rgb', lineRGB=array([1, 1, 1]), lineWidth=1.5, name='unnamed Rect', opacity=0.3, ori=0.0, pos=array([0.2, 0. ]), size=array([0.05, 0.1 ]), units='height', vertices=ndarray(...), win=Window(...))
90.7942 	EXP 	Created unnamed Rect = Rect(__class__=<class 'psychopy.visual.rect.Rect'>, anchor=('center', 'center'), autoDraw=False, autoLog=True, closeShape=True, color=method-wrapper(...), colorSpace='rgb', contrast=None, depth=0, draggable=False, fillColor=array([1, 1, 1]), fillColorSpace='rgb', fillRGB=array([1, 1, 1]), interpolate=True, lineColor=array([1., 1., 1.]), lineColorSpace='rgb', lineRGB=array([1, 1, 1]), lineWidth=1.5, name='unnamed Rect', opacity=0.2, ori=0.0, pos=array([0.2, 0. ]), size=array([0.35, 0.1 ]), units='height', vertices=ndarray(...), win=Window(...))
90.8012 	EXP 	fixation_cross: autoDraw = False
90.8012 	EXP 	fixation_cross: autoDraw = False
90.8012 	EXP 	slider_pain: markerPos = None
90.8012 	EXP 	slider_pain: markerPos = 70
90.8012 	EXP 	slider_indicator: markerPos = None
90.8012 	EXP 	slider_indicator: markerPos = None
94.9181 	EXP 	slider_indicator: autoDraw = True
94.9181 	EXP 	slider_indicator: autoDraw = False
94.9181 	EXP 	fake_pain: autoDraw = True
96.9036 	EXP 	Created unnamed Rect = Rect(__class__=<class 'psychopy.visual.rect.Rect'>, anchor=('center', 'center'), autoDraw=False, autoLog=True, closeShape=True, color=method-wrapper(...), colorSpace='rgb', contrast=None, depth=0, draggable=False, fillColor=array([ 1, -1, -1]), fillColorSpace='rgb', fillRGB=array([ 1, -1, -1]), interpolate=True, lineColor=array([ 1., -1., -1.]), lineColorSpace='rgb', lineRGB=array([ 1, -1, -1]), lineWidth=1.5, name='unnamed Rect', opacity=1, ori=0.0, pos=array([0., 0.]), size=array([0.01, 0.1 ]), units='height', vertices=ndarray(...), win=Window(...))
96.9184 	EXP 	fake_pain: autoDraw = False
96.9184 	EXP 	fake_pain: autoDraw = False
96.9184 	EXP 	slider_pain: markerPos = None
96.9184 	EXP 	slider_pain: markerPos = 70
96.9184 	EXP 	slider_pain: markerPos = None
96.9184 	EXP 	slider_pain: markerPos = 79.72652057795553
97.6203 	DATA 	Keypress: n
97.6351 	EXP 	slider_pain: markerPos = 78.97652057795553
97.6516 	EXP 	slider_pain: markerPos = 78.22652057795553
97.6682 	EXP 	slider_pain: markerPos = 77.47652057795553
97.6847 	EXP 	slider_pain: markerPos = 76.72652057795553
97.7014 	EXP 	slider_pain: markerPos = 75.97652057795553
97.7180 	EXP 	slider_pain: markerPos = 75.22652057795553
97.7347 	EXP 	slider_pain: markerPos = 74.47652057795553
97.7516 	EXP 	slider_pain: markerPos = 73.72652057795553
97.7683 	EXP 	slider_pain: markerPos = 72.97652057795553
97.7851 	EXP 	slider_pain: markerPos = 72.22652057795553
97.8018 	EXP 	slider_pain: markerPos = 71.47652057795553
97.8183 	EXP 	slider_pain: markerPos = 70.72652057795553
97.8350 	EXP 	slider_pain: markerPos = 69.97652057795553
97.8516 	EXP 	slider_pain: markerPos = 69.22652057795553
97.8681 	EXP 	slider_pain: markerPos = 68.47652057795553
97.8845 	EXP 	slider_pain: markerPos = 67.72652057795553
97.9012 	EXP 	slider_pain: markerPos = 66.97652057795553
97.9179 	EXP 	slider_pain: markerPos = 66.22652057795553
97.9350 	EXP 	slider_pain: markerPos = 65.47652057795553
97.9518 	EXP 	slider_pain: markerPos = 64.72652057795553
97.9682 	EXP 	slider_pain: markerPos = 63.976520577955526
97.9846 	EXP 	slider_pain: markerPos = 63.226520577955526
98.0015 	EXP 	slider_pain: markerPos = 62.476520577955526
98.0182 	EXP 	slider_pain: markerPos = 61.726520577955526
98.0347 	EXP 	slider_pain: markerPos = 60.976520577955526
98.5364 	DATA 	Keypress: n
98.5516 	EXP 	slider_pain: markerPos = 60.226520577955526
98.5683 	EXP 	slider_pain: markerPos = 59.476520577955526
98.5849 	EXP 	slider_pain: markerPos = 58.726520577955526
98.6018 	EXP 	slider_pain: markerPos = 57.976520577955526
98.6183 	EXP 	slider_pain: markerPos = 57.226520577955526
98.6348 	EXP 	slider_pain: markerPos = 56.476520577955526
98.6516 	EXP 	slider_pain: markerPos = 55.726520577955526
98.6682 	EXP 	slider_pain: markerPos = 54.976520577955526
98.6849 	EXP 	slider_pain: markerPos = 54.226520577955526
98.7017 	EXP 	slider_pain: markerPos = 53.476520577955526
98.7184 	EXP 	slider_pain: markerPos = 52.726520577955526
98.7348 	EXP 	slider_pain: markerPos = 51.976520577955526
98.7516 	EXP 	slider_pain: markerPos = 51.226520577955526
98.7682 	EXP 	slider_pain: markerPos = 50.476520577955526
98.7849 	EXP 	slider_pain: markerPos = 49.726520577955526
98.8016 	EXP 	slider_pain: markerPos = 48.976520577955526
98.8183 	EXP 	slider_pain: markerPos = 48.226520577955526
98.8349 	EXP 	slider_pain: markerPos = 47.476520577955526
98.8518 	EXP 	slider_pain: markerPos = 46.726520577955526
98.8683 	EXP 	slider_pain: markerPos = 45.976520577955526
98.8850 	EXP 	slider_pain: markerPos = 45.226520577955526
98.9015 	EXP 	slider_pain: markerPos = 44.476520577955526
98.9183 	EXP 	slider_pain: markerPos = 43.726520577955526
99.0199 	DATA 	Keypress: m
99.0349 	EXP 	slider_pain: markerPos = 44.476520577955526
99.0516 	EXP 	slider_pain: markerPos = 45.226520577955526
99.0682 	EXP 	slider_pain: markerPos = 45.976520577955526
99.0851 	EXP 	slider_pain: markerPos = 46.726520577955526
99.1017 	EXP 	slider_pain: markerPos = 47.476520577955526
99.1181 	EXP 	slider_pain: markerPos = 48.226520577955526
99.1347 	EXP 	slider_pain: markerPos = 48.976520577955526
99.1515 	EXP 	slider_pain: markerPos = 49.726520577955526
99.1682 	EXP 	slider_pain: markerPos = 50.476520577955526
99.1847 	EXP 	slider_pain: markerPos = 51.226520577955526
99.2016 	EXP 	slider_pain: markerPos = 51.976520577955526
99.2181 	EXP 	slider_pain: markerPos = 52.726520577955526
99.2349 	EXP 	slider_pain: markerPos = 53.476520577955526
99.2516 	EXP 	slider_pain: markerPos = 54.226520577955526
99.2681 	EXP 	slider_pain: markerPos = 54.976520577955526
99.2848 	EXP 	slider_pain: markerPos = 55.726520577955526
99.3016 	EXP 	slider_pain: markerPos = 56.476520577955526
99.3181 	EXP 	slider_pain: markerPos = 57.226520577955526
99.3348 	EXP 	slider_pain: markerPos = 57.976520577955526
99.3515 	EXP 	slider_pain: markerPos = 58.726520577955526
99.3681 	EXP 	slider_pain: markerPos = 59.476520577955526
99.3849 	EXP 	slider_pain: markerPos = 60.226520577955526
99.4015 	EXP 	slider_pain: markerPos = 60.976520577955526
99.4184 	EXP 	slider_pain: markerPos = 61.726520577955526
99.4350 	EXP 	slider_pain: markerPos = 62.476520577955526
99.4515 	EXP 	slider_pain: markerPos = 63.226520577955526
99.4681 	EXP 	slider_pain: markerPos = 63.976520577955526
99.4850 	EXP 	slider_pain: markerPos = 64.72652057795553
99.5016 	EXP 	slider_pain: markerPos = 65.47652057795553
99.5182 	EXP 	slider_pain: markerPos = 66.22652057795553
99.5348 	EXP 	slider_pain: markerPos = 66.97652057795553
99.5514 	EXP 	slider_pain: markerPos = 67.72652057795553
99.5682 	EXP 	slider_pain: markerPos = 68.47652057795553
99.5847 	EXP 	slider_pain: markerPos = 69.22652057795553
99.6014 	EXP 	slider_pain: markerPos = 69.97652057795553
99.6182 	EXP 	slider_pain: markerPos = 70.72652057795553
99.6348 	EXP 	slider_pain: markerPos = 71.47652057795553
99.6516 	EXP 	slider_pain: markerPos = 72.22652057795553
99.6682 	EXP 	slider_pain: markerPos = 72.97652057795553
99.6848 	EXP 	slider_pain: markerPos = 73.72652057795553
99.7015 	EXP 	slider_pain: markerPos = 74.47652057795553
99.7186 	EXP 	slider_pain: markerPos = 75.22652057795553
99.7349 	EXP 	slider_pain: markerPos = 75.97652057795553
99.7517 	EXP 	slider_pain: markerPos = 76.72652057795553
99.7681 	EXP 	slider_pain: markerPos = 77.47652057795553
99.7848 	EXP 	slider_pain: markerPos = 78.22652057795553
99.8016 	EXP 	slider_pain: markerPos = 78.97652057795553
99.8182 	EXP 	slider_pain: markerPos = 79.72652057795553
99.8350 	EXP 	slider_pain: markerPos = 80.47652057795553
99.8515 	EXP 	slider_pain: markerPos = 81.22652057795553
99.8682 	EXP 	slider_pain: markerPos = 81.97652057795553
99.8850 	EXP 	slider_pain: markerPos = 82.72652057795553
99.9015 	EXP 	slider_pain: markerPos = 83.47652057795553
99.9181 	EXP 	slider_pain: markerPos = 84.22652057795553
99.9349 	EXP 	slider_pain: markerPos = 84.97652057795553
99.9515 	EXP 	slider_pain: markerPos = 85.72652057795553
100.0363 	DATA 	Keypress: n
100.0514 	EXP 	slider_pain: markerPos = 84.97652057795553
100.0683 	EXP 	slider_pain: markerPos = 84.22652057795553
100.0848 	EXP 	slider_pain: markerPos = 83.47652057795553
100.1014 	EXP 	slider_pain: markerPos = 82.72652057795553
100.1181 	EXP 	slider_pain: markerPos = 81.97652057795553
100.1349 	EXP 	slider_pain: markerPos = 81.22652057795553
100.1514 	EXP 	slider_pain: markerPos = 80.47652057795553
100.1683 	EXP 	slider_pain: markerPos = 79.72652057795553
100.1852 	EXP 	slider_pain: markerPos = 78.97652057795553
100.2019 	EXP 	slider_pain: markerPos = 78.22652057795553
100.2182 	EXP 	slider_pain: markerPos = 77.47652057795553
100.2351 	EXP 	slider_pain: markerPos = 76.72652057795553
100.2514 	EXP 	slider_pain: markerPos = 75.97652057795553
100.2684 	EXP 	slider_pain: markerPos = 75.22652057795553
100.2852 	EXP 	slider_pain: markerPos = 74.47652057795553
100.3015 	EXP 	slider_pain: markerPos = 73.72652057795553
100.3183 	EXP 	slider_pain: markerPos = 72.97652057795553
100.3350 	EXP 	slider_pain: markerPos = 72.22652057795553
100.3517 	EXP 	slider_pain: markerPos = 71.47652057795553
100.3682 	EXP 	slider_pain: markerPos = 70.72652057795553
100.3849 	EXP 	slider_pain: markerPos = 69.97652057795553
100.4017 	EXP 	slider_pain: markerPos = 69.22652057795553
100.4182 	EXP 	slider_pain: markerPos = 68.47652057795553
100.4349 	EXP 	slider_pain: markerPos = 67.72652057795553
100.4516 	EXP 	slider_pain: markerPos = 66.97652057795553
100.4684 	EXP 	slider_pain: markerPos = 66.22652057795553
100.4849 	EXP 	slider_pain: markerPos = 65.47652057795553
100.5014 	EXP 	slider_pain: markerPos = 64.72652057795553
100.5180 	EXP 	slider_pain: markerPos = 63.976520577955526
100.5348 	EXP 	slider_pain: markerPos = 63.226520577955526
100.5515 	EXP 	slider_pain: markerPos = 62.476520577955526
100.5683 	EXP 	slider_pain: markerPos = 61.726520577955526
100.5849 	EXP 	slider_pain: markerPos = 60.976520577955526
100.6015 	EXP 	slider_pain: markerPos = 60.226520577955526
100.6182 	EXP 	slider_pain: markerPos = 59.476520577955526
100.6348 	EXP 	slider_pain: markerPos = 58.726520577955526
100.6513 	EXP 	slider_pain: markerPos = 57.976520577955526
100.6681 	EXP 	slider_pain: markerPos = 57.226520577955526
100.6847 	EXP 	slider_pain: markerPos = 56.476520577955526
100.7017 	EXP 	slider_pain: markerPos = 55.726520577955526
100.7182 	EXP 	slider_pain: markerPos = 54.976520577955526
100.7349 	EXP 	slider_pain: markerPos = 54.226520577955526
100.7515 	EXP 	slider_pain: markerPos = 53.476520577955526
100.7683 	EXP 	slider_pain: markerPos = 52.726520577955526
100.7850 	EXP 	slider_pain: markerPos = 51.976520577955526
100.8015 	EXP 	slider_pain: markerPos = 51.226520577955526
100.8180 	EXP 	slider_pain: markerPos = 50.476520577955526
100.8346 	EXP 	slider_pain: markerPos = 49.726520577955526
100.8514 	EXP 	slider_pain: markerPos = 48.976520577955526
100.8682 	EXP 	slider_pain: markerPos = 48.226520577955526
100.8848 	EXP 	slider_pain: markerPos = 47.476520577955526
100.9014 	EXP 	slider_pain: markerPos = 46.726520577955526
100.9182 	EXP 	slider_pain: markerPos = 45.976520577955526
100.9347 	EXP 	slider_pain: markerPos = 45.226520577955526
100.9514 	EXP 	slider_pain: markerPos = 44.476520577955526
100.9682 	EXP 	slider_pain: markerPos = 43.726520577955526
100.9849 	EXP 	slider_pain: markerPos = 42.976520577955526
101.0020 	EXP 	slider_pain: markerPos = 42.226520577955526
101.0184 	EXP 	slider_pain: markerPos = 41.476520577955526
101.0349 	EXP 	slider_pain: markerPos = 40.726520577955526
101.0519 	EXP 	slider_pain: markerPos = 39.976520577955526
101.0682 	EXP 	slider_pain: markerPos = 39.226520577955526
101.0852 	EXP 	slider_pain: markerPos = 38.476520577955526
101.1016 	EXP 	slider_pain: markerPos = 37.726520577955526
101.1182 	EXP 	slider_pain: markerPos = 36.976520577955526
101.1350 	EXP 	slider_pain: markerPos = 36.226520577955526
101.1514 	EXP 	slider_pain: markerPos = 35.476520577955526
101.1681 	EXP 	slider_pain: markerPos = 34.726520577955526
101.1851 	EXP 	slider_pain: markerPos = 33.976520577955526
101.2018 	EXP 	slider_pain: markerPos = 33.226520577955526
101.2182 	EXP 	slider_pain: markerPos = 32.476520577955526
101.2350 	EXP 	slider_pain: markerPos = 31.726520577955526
101.2515 	EXP 	slider_pain: markerPos = 30.976520577955526
101.2683 	EXP 	slider_pain: markerPos = 30.226520577955526
101.2850 	EXP 	slider_pain: markerPos = 29.476520577955526
101.3017 	EXP 	slider_pain: markerPos = 28.726520577955526
101.3183 	EXP 	slider_pain: markerPos = 27.976520577955526
101.3353 	EXP 	slider_pain: markerPos = 27.226520577955526
101.3515 	EXP 	slider_pain: markerPos = 26.476520577955526
101.3681 	EXP 	slider_pain: markerPos = 25.726520577955526
101.3850 	EXP 	slider_pain: markerPos = 24.976520577955526
101.4018 	EXP 	slider_pain: markerPos = 24.226520577955526
101.4183 	EXP 	slider_pain: markerPos = 23.476520577955526
101.4350 	EXP 	slider_pain: markerPos = 22.726520577955526
101.4516 	EXP 	slider_pain: markerPos = 21.976520577955526
101.4683 	EXP 	slider_pain: markerPos = 21.226520577955526
101.4850 	EXP 	slider_pain: markerPos = 20.476520577955526
101.5015 	EXP 	slider_pain: markerPos = 19.726520577955526
101.5183 	EXP 	slider_pain: markerPos = 18.976520577955526
101.5351 	EXP 	slider_pain: markerPos = 18.226520577955526
101.5514 	EXP 	slider_pain: markerPos = 17.476520577955526
101.5683 	EXP 	slider_pain: markerPos = 16.726520577955526
101.5848 	EXP 	slider_pain: markerPos = 15.976520577955526
101.6014 	EXP 	slider_pain: markerPos = 15.226520577955526
101.6184 	EXP 	slider_pain: markerPos = 14.476520577955526
101.6351 	EXP 	slider_pain: markerPos = 13.726520577955526
101.6516 	EXP 	slider_pain: markerPos = 12.976520577955526
101.6682 	EXP 	slider_pain: markerPos = 12.226520577955526
101.6849 	EXP 	slider_pain: markerPos = 11.476520577955526
101.7016 	EXP 	slider_pain: markerPos = 10.726520577955526
101.7185 	EXP 	slider_pain: markerPos = 9.976520577955526
101.7351 	EXP 	slider_pain: markerPos = 9.226520577955526
101.8710 	DATA 	Keypress: space
101.9713 	EXP 	New trial (rep=0, index=5): <Trial 5 (5 in rep 0) data={'expected_vas': 30, 'expect_uncertainty': 'low', 'sensory_uncertainty': 'high', 'thisN': 5, 'thisTrialN': 5, 'thisRepN': 0}>
101.9848 	INFO 	Keyboard events cleared
101.9846 	EXP 	main_prompt: autoDraw = True
101.9846 	EXP 	space_prompt: autoDraw = True
101.9846 	EXP 	slider_pain: autoDraw = False
101.9846 	EXP 	main_prompt: autoDraw = False
101.9846 	EXP 	space_prompt: autoDraw = False
101.9846 	EXP 	fixation_cross: autoDraw = True
103.9725 	EXP 	Created unnamed Rect = Rect(__class__=<class 'psychopy.visual.rect.Rect'>, anchor=('center', 'center'), autoDraw=False, autoLog=True, closeShape=True, color=method-wrapper(...), colorSpace='rgb', contrast=None, depth=0, draggable=False, fillColor=array([ 1, -1, -1]), fillColorSpace='rgb', fillRGB=array([ 1, -1, -1]), interpolate=True, lineColor=array([ 1., -1., -1.]), lineColorSpace='rgb', lineRGB=array([ 1, -1, -1]), lineWidth=1.5, name='unnamed Rect', opacity=1, ori=0.0, pos=array([0., 0.]), size=array([0.01, 0.1 ]), units='height', vertices=ndarray(...), win=Window(...))
103.9739 	EXP 	Created unnamed Rect = Rect(__class__=<class 'psychopy.visual.rect.Rect'>, anchor=('center', 'center'), autoDraw=False, autoLog=True, closeShape=True, color=method-wrapper(...), colorSpace='rgb', contrast=None, depth=0, draggable=False, fillColor=array([1, 1, 1]), fillColorSpace='rgb', fillRGB=array([1, 1, 1]), interpolate=True, lineColor=array([1., 1., 1.]), lineColorSpace='rgb', lineRGB=array([1, 1, 1]), lineWidth=1.5, name='unnamed Rect', opacity=0.3, ori=0.0, pos=array([-0.2,  0. ]), size=array([0.05, 0.1 ]), units='height', vertices=ndarray(...), win=Window(...))
103.9745 	EXP 	Created unnamed Rect = Rect(__class__=<class 'psychopy.visual.rect.Rect'>, anchor=('center', 'center'), autoDraw=False, autoLog=True, closeShape=True, color=method-wrapper(...), colorSpace='rgb', contrast=None, depth=0, draggable=False, fillColor=array([1, 1, 1]), fillColorSpace='rgb', fillRGB=array([1, 1, 1]), interpolate=True, lineColor=array([1., 1., 1.]), lineColorSpace='rgb', lineRGB=array([1, 1, 1]), lineWidth=1.5, name='unnamed Rect', opacity=0.2, ori=0.0, pos=array([-0.2,  0. ]), size=array([0.35, 0.1 ]), units='height', vertices=ndarray(...), win=Window(...))
103.9849 	EXP 	fixation_cross: autoDraw = False
103.9849 	EXP 	fixation_cross: autoDraw = False
103.9849 	EXP 	slider_pain: markerPos = None
103.9849 	EXP 	slider_pain: markerPos = 30
103.9849 	EXP 	slider_indicator: markerPos = None
103.9849 	EXP 	slider_indicator: markerPos = None
108.1023 	EXP 	slider_indicator: autoDraw = True
108.1023 	EXP 	slider_indicator: autoDraw = False
108.1023 	EXP 	fake_pain: autoDraw = True
110.0882 	EXP 	Created unnamed Rect = Rect(__class__=<class 'psychopy.visual.rect.Rect'>, anchor=('center', 'center'), autoDraw=False, autoLog=True, closeShape=True, color=method-wrapper(...), colorSpace='rgb', contrast=None, depth=0, draggable=False, fillColor=array([ 1, -1, -1]), fillColorSpace='rgb', fillRGB=array([ 1, -1, -1]), interpolate=True, lineColor=array([ 1., -1., -1.]), lineColorSpace='rgb', lineRGB=array([ 1, -1, -1]), lineWidth=1.5, name='unnamed Rect', opacity=1, ori=0.0, pos=array([0., 0.]), size=array([0.01, 0.1 ]), units='height', vertices=ndarray(...), win=Window(...))
110.1017 	EXP 	fake_pain: autoDraw = False
110.1017 	EXP 	fake_pain: autoDraw = False
110.1017 	EXP 	slider_pain: markerPos = None
110.1017 	EXP 	slider_pain: markerPos = 30
110.1017 	EXP 	slider_pain: markerPos = None
110.1017 	EXP 	slider_pain: markerPos = 96.20440681599659
112.3228 	DEBUG 	Saving data for bayesian_san ExperimentHandler
112.3237 	INFO 	saved data to C:\Users\labmp\Desktop\Sanounou\data/sub-001/bayes_pain/sub-001_bayesian_san_2026-03-03_13h24.19.660.psydat
112.3242 	INFO 	saved data to 'C:\\Users\\labmp\\Desktop\\Sanounou\\data/sub-001/bayes_pain/sub-001_bayesian_san_2026-03-03_13h24.19.660.csv'
